<?xml version="1.0" encoding="UTF-8"?>
<!-- Generated by org.testng.reporters.JUnitXMLReporter -->
<testsuite hostname="VISHAL-NIVAATA" name="Firefox Test" tests="2" failures="0" timestamp="1 Aug 2016 09:43:59 GMT" time="53.5" errors="0">
  <testcase name="Login" time="16.078" classname="com.HRM.testcases.HR_TC.Employees.HR_SmokeTest_Emp"/>
  <testcase name="verifyBenefitsRecalculateEligibilityButton" time="30.143" classname="com.HRM.testcases.HR_TC.Employees.HR_SmokeTest_Emp"/>
</testsuite> <!-- Firefox Test -->
