<?xml version="1.0" encoding="UTF-8"?>
<!-- Generated by org.testng.reporters.JUnitXMLReporter -->
<testsuite hostname="VISHALANAND" name="Smoke Test" tests="2" failures="2" timestamp="15 Sep 2016 07:15:30 GMT" time="0.11" errors="0">
  <testcase name="test" time="0.032" classname="com.HRM.testcases.Payroll.Payroll_SmokeTest">
    <failure type="java.lang.NullPointerException">
      <![CDATA[java.lang.NullPointerException
	at com.HRM.Utils.CommonFunctions.initBrowser(CommonFunctions.java:97)
	at com.HRM.testcases.Payroll.Payroll_SmokeTest.test(Payroll_SmokeTest.java:256)
... Removed 24 stack frames]]>
    </failure>
  </testcase> <!-- test -->
  <testcase name="verifyUserAble2CreatePayrollPrefix" time="0.001" classname="com.HRM.testcases.Payroll.Payroll_SmokeTest">
    <failure type="java.lang.NullPointerException">
      <![CDATA[java.lang.NullPointerException
	at com.HRM.Utils.CommonFunctions.initBrowser(CommonFunctions.java:97)
	at com.HRM.testcases.Payroll.Payroll_SmokeTest.verifyUserAble2CreatePayrollPrefix(Payroll_SmokeTest.java:47)
... Removed 24 stack frames]]>
    </failure>
  </testcase> <!-- verifyUserAble2CreatePayrollPrefix -->
</testsuite> <!-- Smoke Test -->
