<?xml version="1.0" encoding="UTF-8"?>
<testng-results skipped="0" failed="0" total="1" passed="1">
  <reporter-output>
  </reporter-output>
  <suite name="Default suite" duration-ms="37220" started-at="2016-09-27T12:21:21Z" finished-at="2016-09-27T12:21:58Z">
    <groups>
      <group name="Smoke">
        <method signature="Recruiting_SmokeTest.verifyUserAblePublishPostingCSSAndWorkflow()[pri:6, instance:com.HRM.testcases.Recruiting.Recruiting_SmokeTest@57c33fcd]" name="verifyUserAblePublishPostingCSSAndWorkflow" class="com.HRM.testcases.Recruiting.Recruiting_SmokeTest"/>
      </group> <!-- Smoke -->
    </groups>
    <test name="Default test" duration-ms="37220" started-at="2016-09-27T12:21:21Z" finished-at="2016-09-27T12:21:58Z">
      <class name="com.HRM.testcases.Recruiting.Recruiting_SmokeTest">
        <test-method status="PASS" signature="StartBrowser_NavURL()[pri:0, instance:com.HRM.testcases.Recruiting.Recruiting_SmokeTest@57c33fcd]" name="StartBrowser_NavURL" is-config="true" duration-ms="80" started-at="2016-09-27T17:51:21Z" finished-at="2016-09-27T17:51:21Z">
          <reporter-output>
          </reporter-output>
        </test-method> <!-- StartBrowser_NavURL -->
        <test-method status="PASS" signature="verifyUserAblePublishPostingCSSAndWorkflow()[pri:6, instance:com.HRM.testcases.Recruiting.Recruiting_SmokeTest@57c33fcd]" name="verifyUserAblePublishPostingCSSAndWorkflow" duration-ms="34527" started-at="2016-09-27T17:51:21Z" finished-at="2016-09-27T17:51:56Z">
          <reporter-output>
          </reporter-output>
        </test-method> <!-- verifyUserAblePublishPostingCSSAndWorkflow -->
        <test-method status="PASS" signature="ClosingBrowser()[pri:0, instance:com.HRM.testcases.Recruiting.Recruiting_SmokeTest@57c33fcd]" name="ClosingBrowser" is-config="true" duration-ms="2532" started-at="2016-09-27T17:51:56Z" finished-at="2016-09-27T17:51:58Z">
          <reporter-output>
          </reporter-output>
        </test-method> <!-- ClosingBrowser -->
      </class> <!-- com.HRM.testcases.Recruiting.Recruiting_SmokeTest -->
    </test> <!-- Default test -->
  </suite> <!-- Default suite -->
</testng-results>
